// 同步 ID: 42a69a6a @ Tue May  5 12:30:35 UTC 2026
// 重构日志: 8f14ed28
// 重构日志: c6426514
// 重构日志: dc7cd6d4
// 同步 ID: 60f6bbba @ Sat May 16 23:17:47 UTC 2026
// 同步 ID: 6e6d0888 @ Mon May 18 13:30:35 UTC 2026
// 重构日志: 137b724b
// 重构日志: 15f10096
// 重构日志: 080a30f9
// 重构日志: 9615390d
// 重构日志: bf3bee4f
// 重构日志: 640acba9
// 重构日志: d7777e47
// 同步 ID: 67022000 @ Wed May 27 12:35:16 UTC 2026
// 同步 ID: d06e3391 @ Thu May 28 04:45:54 UTC 2026
// 重构日志: 143e0e64
// 重构日志: 6721af1c
// 重构日志: ef871511
// 重构日志: 12c0fa7f
// 同步 ID: 0c83a9d9 @ Sat Jun  6 06:43:07 UTC 2026
// 同步 ID: 67ecd98a @ Sat Jun  6 09:54:53 UTC 2026
// 重构日志: 616292a3
// 重构日志: d706936c
// 重构日志: 497b1ed5
// 重构日志: e34c9be1
// 重构日志: b2d29064
// 重构日志: d9f03ac8
// 重构日志: 0a8b8a17
// 同步 ID: b781218d @ Wed Jun 17 05:29:22 UTC 2026
// 同步 ID: e04020f6 @ Sat Jun 20 05:33:15 UTC 2026
